<?xml version="1.0" encoding="UTF-8"?>
<!-- Generated by org.testng.reporters.JUnitXMLReporter -->
<testsuite ignored="1" hostname="YashW" failures="1" tests="2" name="Error Validations Test" time="14.454" errors="0" timestamp="2024-08-21T01:31:34 EDT">
  <testcase classname="yashwardhan.SFD.tests.ErrorValidationTest" name="LoginErrorValidation" time="1.015">
    <skipped/>
  </testcase> <!-- LoginErrorValidation -->
  <testcase classname="yashwardhan.SFD.tests.ErrorValidationTest" name="LoginErrorValidation" time="1.039">
    <failure type="java.lang.AssertionError" message="expected [Incorrect email, password.] but found [Incorrect email or password.]">
      <![CDATA[java.lang.AssertionError: expected [Incorrect email, password.] but found [Incorrect email or password.]
at yashwardhan.SFD.tests.ErrorValidationTest.LoginErrorValidation(ErrorValidationTest.java:21)
at java.base/java.util.ArrayList.forEach(ArrayList.java:1597)
at java.base/java.util.concurrent.FutureTask.run(FutureTask.java:317)
at java.base/java.util.concurrent.ThreadPoolExecutor.runWorker(ThreadPoolExecutor.java:1144)
at java.base/java.util.concurrent.ThreadPoolExecutor$Worker.run(ThreadPoolExecutor.java:642)
at java.base/java.lang.Thread.run(Thread.java:1570)
... Removed 21 stack frames]]>
    </failure>
  </testcase> <!-- LoginErrorValidation -->
  <testcase classname="yashwardhan.SFD.tests.ErrorValidationTest" name="ProductErrorValidation" time="0.0">
    <ignored/>
  </testcase> <!-- ProductErrorValidation -->
</testsuite> <!-- Error Validations Test -->
